Determining if the pthread_create exist failed with the following output:
Change Dir: /home/xing/roshelm_ws/build/CMakeFiles/CMakeTmp

Run Build Command(s):/usr/bin/make cmTC_2a2cb/fast 
/usr/bin/make -f CMakeFiles/cmTC_2a2cb.dir/build.make CMakeFiles/cmTC_2a2cb.dir/build
make[1]: 进入目录“/home/xing/roshelm_ws/build/CMakeFiles/CMakeTmp”
Building C object CMakeFiles/cmTC_2a2cb.dir/CheckSymbolExists.c.o
/usr/bin/cc    -o CMakeFiles/cmTC_2a2cb.dir/CheckSymbolExists.c.o   -c /home/xing/roshelm_ws/build/CMakeFiles/CMakeTmp/CheckSymbolExists.c
Linking C executable cmTC_2a2cb
/opt/cmake-3.14.0/bin/cmake -E cmake_link_script CMakeFiles/cmTC_2a2cb.dir/link.txt --verbose=1
/usr/bin/cc      -rdynamic CMakeFiles/cmTC_2a2cb.dir/CheckSymbolExists.c.o  -o cmTC_2a2cb 
CMakeFiles/cmTC_2a2cb.dir/CheckSymbolExists.c.o：在函数‘main’中：
CheckSymbolExists.c:(.text+0x1b)：对‘pthread_create’未定义的引用
collect2: error: ld returned 1 exit status
CMakeFiles/cmTC_2a2cb.dir/build.make:86: recipe for target 'cmTC_2a2cb' failed
make[1]: *** [cmTC_2a2cb] Error 1
make[1]: 离开目录“/home/xing/roshelm_ws/build/CMakeFiles/CMakeTmp”
Makefile:121: recipe for target 'cmTC_2a2cb/fast' failed
make: *** [cmTC_2a2cb/fast] Error 2

File /home/xing/roshelm_ws/build/CMakeFiles/CMakeTmp/CheckSymbolExists.c:
/* */
#include <pthread.h>

int main(int argc, char** argv)
{
  (void)argv;
#ifndef pthread_create
  return ((int*)(&pthread_create))[argc];
#else
  (void)argc;
  return 0;
#endif
}

Determining if the function pthread_create exists in the pthreads failed with the following output:
Change Dir: /home/xing/roshelm_ws/build/CMakeFiles/CMakeTmp

Run Build Command(s):/usr/bin/make cmTC_d4dfb/fast 
/usr/bin/make -f CMakeFiles/cmTC_d4dfb.dir/build.make CMakeFiles/cmTC_d4dfb.dir/build
make[1]: 进入目录“/home/xing/roshelm_ws/build/CMakeFiles/CMakeTmp”
Building C object CMakeFiles/cmTC_d4dfb.dir/CheckFunctionExists.c.o
/usr/bin/cc   -DCHECK_FUNCTION_EXISTS=pthread_create   -o CMakeFiles/cmTC_d4dfb.dir/CheckFunctionExists.c.o   -c /opt/cmake-3.14.0/share/cmake-3.14/Modules/CheckFunctionExists.c
Linking C executable cmTC_d4dfb
/opt/cmake-3.14.0/bin/cmake -E cmake_link_script CMakeFiles/cmTC_d4dfb.dir/link.txt --verbose=1
/usr/bin/cc  -DCHECK_FUNCTION_EXISTS=pthread_create    -rdynamic CMakeFiles/cmTC_d4dfb.dir/CheckFunctionExists.c.o  -o cmTC_d4dfb -lpthreads 
/usr/bin/ld: 找不到 -lpthreads
collect2: error: ld returned 1 exit status
CMakeFiles/cmTC_d4dfb.dir/build.make:86: recipe for target 'cmTC_d4dfb' failed
make[1]: *** [cmTC_d4dfb] Error 1
make[1]: 离开目录“/home/xing/roshelm_ws/build/CMakeFiles/CMakeTmp”
Makefile:121: recipe for target 'cmTC_d4dfb/fast' failed
make: *** [cmTC_d4dfb/fast] Error 2


